# JRE version: Java(TM) SE Runtime Environment (8.0_131-b11) (build 1.8.0_131-b11)
# Java VM: Java HotSpot(TM) 64-Bit Server VM (25.131-b11 mixed mode windows-amd64 compressed oops)
Heap:
 PSYoungGen      total 2403840K, used 823537K [0x0000000718580000, 0x00000007c0000000, 0x00000007c0000000)
  eden space 2060800K, 39% used [0x0000000718580000,0x000000074a2e1718,0x0000000796200000)
  from space 343040K, 2% used [0x00000007ab100000,0x00000007ab7dae28,0x00000007c0000000)
  to   space 343040K, 0% used [0x0000000796200000,0x0000000796200000,0x00000007ab100000)
 ParOldGen       total 5494272K, used 40K [0x00000005c9000000, 0x0000000718580000, 0x0000000718580000)
  object space 5494272K, 0% used [0x00000005c9000000,0x00000005c900a000,0x0000000718580000)
 Metaspace       used 6149K, capacity 6256K, committed 6400K, reserved 1056768K
  class space    used 644K, capacity 656K, committed 768K, reserved 1048576K
GC Heap History (8 events):
Event: 35.443 GC heap before
{Heap before GC invocations=1 (full 0):
 PSYoungGen      total 2403840K, used 2060800K [0x0000000718580000, 0x00000007c0000000, 0x00000007c0000000)
  eden space 2060800K, 100% used [0x0000000718580000,0x0000000796200000,0x0000000796200000)
  from space 343040K, 0% used [0x00000007ab100000,0x00000007ab100000,0x00000007c0000000)
  to   space 343040K, 0% used [0x0000000796200000,0x0000000796200000,0x00000007ab100000)
 ParOldGen       total 5494272K, used 0K [0x00000005c9000000, 0x0000000718580000, 0x0000000718580000)
  object space 5494272K, 0% used [0x00000005c9000000,0x00000005c9000000,0x0000000718580000)
 Metaspace       used 5929K, capacity 6000K, committed 6144K, reserved 1056768K
  class space    used 643K, capacity 656K, committed 768K, reserved 1048576K
Event: 35.451 GC heap after
Heap after GC invocations=1 (full 0):
 PSYoungGen      total 2403840K, used 5214K [0x0000000718580000, 0x00000007c0000000, 0x00000007c0000000)
  eden space 2060800K, 0% used [0x0000000718580000,0x0000000718580000,0x0000000796200000)
  from space 343040K, 1% used [0x0000000796200000,0x0000000796717a28,0x00000007ab100000)
  to   space 343040K, 0% used [0x00000007ab100000,0x00000007ab100000,0x00000007c0000000)
 ParOldGen       total 5494272K, used 16K [0x00000005c9000000, 0x0000000718580000, 0x0000000718580000)
  object space 5494272K, 0% used [0x00000005c9000000,0x00000005c9004000,0x0000000718580000)
 Metaspace       used 5929K, capacity 6000K, committed 6144K, reserved 1056768K
  class space    used 643K, capacity 656K, committed 768K, reserved 1048576K
}
Event: 108.794 GC heap before
{Heap before GC invocations=2 (full 0):
 PSYoungGen      total 2403840K, used 2066014K [0x0000000718580000, 0x00000007c0000000, 0x00000007c0000000)
  eden space 2060800K, 100% used [0x0000000718580000,0x0000000796200000,0x0000000796200000)
  from space 343040K, 1% used [0x0000000796200000,0x0000000796717a28,0x00000007ab100000)
  to   space 343040K, 0% used [0x00000007ab100000,0x00000007ab100000,0x00000007c0000000)
 ParOldGen       total 5494272K, used 16K [0x00000005c9000000, 0x0000000718580000, 0x0000000718580000)
  object space 5494272K, 0% used [0x00000005c9000000,0x00000005c9004000,0x0000000718580000)
 Metaspace       used 6017K, capacity 6064K, committed 6400K, reserved 1056768K
  class space    used 643K, capacity 656K, committed 768K, reserved 1048576K
Event: 108.804 GC heap after
Heap after GC invocations=2 (full 0):
 PSYoungGen      total 2403840K, used 6055K [0x0000000718580000, 0x00000007c0000000, 0x00000007c0000000)
  eden space 2060800K, 0% used [0x0000000718580000,0x0000000718580000,0x0000000796200000)
  from space 343040K, 1% used [0x00000007ab100000,0x00000007ab6e9c70,0x00000007c0000000)
  to   space 343040K, 0% used [0x0000000796200000,0x0000000796200000,0x00000007ab100000)
 ParOldGen       total 5494272K, used 24K [0x00000005c9000000, 0x0000000718580000, 0x0000000718580000)
  object space 5494272K, 0% used [0x00000005c9000000,0x00000005c9006000,0x0000000718580000)
 Metaspace       used 6017K, capacity 6064K, committed 6400K, reserved 1056768K
  class space    used 643K, capacity 656K, committed 768K, reserved 1048576K
}
Event: 181.556 GC heap before
{Heap before GC invocations=3 (full 0):
 PSYoungGen      total 2403840K, used 2066855K [0x0000000718580000, 0x00000007c0000000, 0x00000007c0000000)
  eden space 2060800K, 100% used [0x0000000718580000,0x0000000796200000,0x0000000796200000)
  from space 343040K, 1% used [0x00000007ab100000,0x00000007ab6e9c70,0x00000007c0000000)
  to   space 343040K, 0% used [0x0000000796200000,0x0000000796200000,0x00000007ab100000)
 ParOldGen       total 5494272K, used 24K [0x00000005c9000000, 0x0000000718580000, 0x0000000718580000)
  object space 5494272K, 0% used [0x00000005c9000000,0x00000005c9006000,0x0000000718580000)
 Metaspace       used 6076K, capacity 6128K, committed 6400K, reserved 1056768K
  class space    used 643K, capacity 656K, committed 768K, reserved 1048576K
Event: 181.565 GC heap after
Heap after GC invocations=3 (full 0):
 PSYoungGen      total 2403840K, used 5675K [0x0000000718580000, 0x00000007c0000000, 0x00000007c0000000)
  eden space 2060800K, 0% used [0x0000000718580000,0x0000000718580000,0x0000000796200000)
  from space 343040K, 1% used [0x0000000796200000,0x000000079678ae28,0x00000007ab100000)
  to   space 343040K, 0% used [0x00000007ab100000,0x00000007ab100000,0x00000007c0000000)
 ParOldGen       total 5494272K, used 32K [0x00000005c9000000, 0x0000000718580000, 0x0000000718580000)
  object space 5494272K, 0% used [0x00000005c9000000,0x00000005c9008000,0x0000000718580000)
 Metaspace       used 6076K, capacity 6128K, committed 6400K, reserved 1056768K
  class space    used 643K, capacity 656K, committed 768K, reserved 1048576K
}
Event: 291.570 GC heap before
{Heap before GC invocations=4 (full 0):
 PSYoungGen      total 2403840K, used 2066475K [0x0000000718580000, 0x00000007c0000000, 0x00000007c0000000)
  eden space 2060800K, 100% used [0x0000000718580000,0x0000000796200000,0x0000000796200000)
  from space 343040K, 1% used [0x0000000796200000,0x000000079678ae28,0x00000007ab100000)
  to   space 343040K, 0% used [0x00000007ab100000,0x00000007ab100000,0x00000007c0000000)
 ParOldGen       total 5494272K, used 32K [0x00000005c9000000, 0x0000000718580000, 0x0000000718580000)
  object space 5494272K, 0% used [0x00000005c9000000,0x00000005c9008000,0x0000000718580000)
 Metaspace       used 6139K, capacity 6256K, committed 6400K, reserved 1056768K
  class space    used 644K, capacity 656K, committed 768K, reserved 1048576K
Event: 291.579 GC heap after
Heap after GC invocations=4 (full 0):
 PSYoungGen      total 2403840K, used 7019K [0x0000000718580000, 0x00000007c0000000, 0x00000007c0000000)
  eden space 2060800K, 0% used [0x0000000718580000,0x0000000718580000,0x0000000796200000)
  from space 343040K, 2% used [0x00000007ab100000,0x00000007ab7dae28,0x00000007c0000000)
  to   space 343040K, 0% used [0x0000000796200000,0x0000000796200000,0x00000007ab100000)
 ParOldGen       total 5494272K, used 40K [0x00000005c9000000, 0x0000000718580000, 0x0000000718580000)
  object space 5494272K, 0% used [0x00000005c9000000,0x00000005c900a000,0x0000000718580000)
 Metaspace       used 6139K, capacity 6256K, committed 6400K, reserved 1056768K
  class space    used 644K, capacity 656K, committed 768K, reserved 1048576K
}

